0 info it worked if it ends with ok
1 verbose cli [ '/usr/local/bin/node', '/usr/local/bin/npm', 'run', 'sparrest' ]
2 info using npm@3.8.6
3 info using node@v4.4.3
4 verbose run-script [ 'presparrest', 'sparrest', 'postsparrest' ]
5 info lifecycle whatapop@1.0.0~presparrest: whatapop@1.0.0
6 silly lifecycle whatapop@1.0.0~presparrest: no script for presparrest, continuing
7 info lifecycle whatapop@1.0.0~sparrest: whatapop@1.0.0
8 verbose lifecycle whatapop@1.0.0~sparrest: unsafe-perm in lifecycle true
9 verbose lifecycle whatapop@1.0.0~sparrest: PATH: /usr/local/lib/node_modules/npm/bin/node-gyp-bin:/Users/charlesmoncada/Documents/KeepCoding/practicas/PracticaAngular/whatapop/node_modules/.bin:/usr/local/bin:/usr/local/lib/node_modules/npm/bin/node-gyp-bin:/Users/charlesmoncada/Documents/KeepCoding/practicas/PracticaAngular/whatapop/node_modules/.bin:/usr/local/bin:/usr/local/bin:/usr/bin:/bin:/usr/sbin:/sbin:/Library/TeX/texbin
10 verbose lifecycle whatapop@1.0.0~sparrest: CWD: /Users/charlesmoncada/Documents/KeepCoding/practicas/PracticaAngular/whatapop
11 silly lifecycle whatapop@1.0.0~sparrest: Args: [ '-c', 'node ./node_modules/node-sparrest/node-sparrest.js' ]
12 silly lifecycle whatapop@1.0.0~sparrest: Returned: code: 1  signal: null
13 info lifecycle whatapop@1.0.0~sparrest: Failed to exec sparrest script
14 verbose stack Error: whatapop@1.0.0 sparrest: `node ./node_modules/node-sparrest/node-sparrest.js`
14 verbose stack Exit status 1
14 verbose stack     at EventEmitter.<anonymous> (/usr/local/lib/node_modules/npm/lib/utils/lifecycle.js:239:16)
14 verbose stack     at emitTwo (events.js:87:13)
14 verbose stack     at EventEmitter.emit (events.js:172:7)
14 verbose stack     at ChildProcess.<anonymous> (/usr/local/lib/node_modules/npm/lib/utils/spawn.js:24:14)
14 verbose stack     at emitTwo (events.js:87:13)
14 verbose stack     at ChildProcess.emit (events.js:172:7)
14 verbose stack     at maybeClose (internal/child_process.js:827:16)
14 verbose stack     at Process.ChildProcess._handle.onexit (internal/child_process.js:211:5)
15 verbose pkgid whatapop@1.0.0
16 verbose cwd /Users/charlesmoncada/Documents/KeepCoding/practicas/PracticaAngular/whatapop
17 error Darwin 15.5.0
18 error argv "/usr/local/bin/node" "/usr/local/bin/npm" "run" "sparrest"
19 error node v4.4.3
20 error npm  v3.8.6
21 error code ELIFECYCLE
22 error whatapop@1.0.0 sparrest: `node ./node_modules/node-sparrest/node-sparrest.js`
22 error Exit status 1
23 error Failed at the whatapop@1.0.0 sparrest script 'node ./node_modules/node-sparrest/node-sparrest.js'.
23 error Make sure you have the latest version of node.js and npm installed.
23 error If you do, this is most likely a problem with the whatapop package,
23 error not with npm itself.
23 error Tell the author that this fails on your system:
23 error     node ./node_modules/node-sparrest/node-sparrest.js
23 error You can get information on how to open an issue for this project with:
23 error     npm bugs whatapop
23 error Or if that isn't available, you can get their info via:
23 error     npm owner ls whatapop
23 error There is likely additional logging output above.
24 verbose exit [ 1, true ]
